# JRE version: OpenJDK Runtime Environment (8.0_112-b06) (build 1.8.0_112-release-b06)
# Java VM: OpenJDK 64-Bit Server VM (25.112-b06 mixed mode windows-amd64 compressed oops)
Heap:
 PSYoungGen      total 449024K, used 241223K [0x00000000e0000000, 0x0000000100000000, 0x0000000100000000)
  eden space 373760K, 63% used [0x00000000e0000000,0x00000000ee629470,0x00000000f6d00000)
  from space 75264K, 7% used [0x00000000f6d00000,0x00000000f7268920,0x00000000fb680000)
  to   space 75264K, 0% used [0x00000000fb680000,0x00000000fb680000,0x0000000100000000)
 ParOldGen       total 195072K, used 141799K [0x00000000a0000000, 0x00000000abe80000, 0x00000000e0000000)
  object space 195072K, 72% used [0x00000000a0000000,0x00000000a8a79cb0,0x00000000abe80000)
 Metaspace       used 161151K, capacity 168802K, committed 169088K, reserved 1198080K
  class space    used 19055K, capacity 20302K, committed 20352K, reserved 1048576K
GC Heap History (10 events):
Event: 15132.539 GC heap before
{Heap before GC invocations=59 (full 6):
 PSYoungGen      total 469504K, used 432550K [0x00000000e0000000, 0x0000000100000000, 0x0000000100000000)
  eden space 412672K, 100% used [0x00000000e0000000,0x00000000f9300000,0x00000000f9300000)
  from space 56832K, 34% used [0x00000000fc880000,0x00000000fdbe9b20,0x0000000100000000)
  to   space 54784K, 0% used [0x00000000f9300000,0x00000000f9300000,0x00000000fc880000)
 ParOldGen       total 195072K, used 119731K [0x00000000a0000000, 0x00000000abe80000, 0x00000000e0000000)
  object space 195072K, 61% used [0x00000000a0000000,0x00000000a74ecdf8,0x00000000abe80000)
 Metaspace       used 144068K, capacity 151220K, committed 151552K, reserved 1181696K
  class space    used 17173K, capacity 18351K, committed 18432K, reserved 1048576K
Event: 15132.806 GC heap after
Heap after GC invocations=59 (full 6):
 PSYoungGen      total 466944K, used 54017K [0x00000000e0000000, 0x0000000100000000, 0x0000000100000000)
  eden space 412672K, 0% used [0x00000000e0000000,0x00000000e0000000,0x00000000f9300000)
  from space 54272K, 99% used [0x00000000f9300000,0x00000000fc7c07e8,0x00000000fc800000)
  to   space 57344K, 0% used [0x00000000fc800000,0x00000000fc800000,0x0000000100000000)
 ParOldGen       total 195072K, used 120374K [0x00000000a0000000, 0x00000000abe80000, 0x00000000e0000000)
  object space 195072K, 61% used [0x00000000a0000000,0x00000000a758d848,0x00000000abe80000)
 Metaspace       used 144068K, capacity 151220K, committed 151552K, reserved 1181696K
  class space    used 17173K, capacity 18351K, committed 18432K, reserved 1048576K
}
Event: 15347.235 GC heap before
{Heap before GC invocations=60 (full 6):
 PSYoungGen      total 466944K, used 466689K [0x00000000e0000000, 0x0000000100000000, 0x0000000100000000)
  eden space 412672K, 100% used [0x00000000e0000000,0x00000000f9300000,0x00000000f9300000)
  from space 54272K, 99% used [0x00000000f9300000,0x00000000fc7c07e8,0x00000000fc800000)
  to   space 57344K, 0% used [0x00000000fc800000,0x00000000fc800000,0x0000000100000000)
 ParOldGen       total 195072K, used 120374K [0x00000000a0000000, 0x00000000abe80000, 0x00000000e0000000)
  object space 195072K, 61% used [0x00000000a0000000,0x00000000a758d848,0x00000000abe80000)
 Metaspace       used 148824K, capacity 156164K, committed 156416K, reserved 1187840K
  class space    used 17712K, capacity 18913K, committed 18944K, reserved 1048576K
Event: 15347.498 GC heap after
Heap after GC invocations=60 (full 6):
 PSYoungGen      total 454656K, used 40642K [0x00000000e0000000, 0x0000000100000000, 0x0000000100000000)
  eden space 397312K, 0% used [0x00000000e0000000,0x00000000e0000000,0x00000000f8400000)
  from space 57344K, 70% used [0x00000000fc800000,0x00000000fefb0938,0x0000000100000000)
  to   space 63488K, 0% used [0x00000000f8400000,0x00000000f8400000,0x00000000fc200000)
 ParOldGen       total 195072K, used 129614K [0x00000000a0000000, 0x00000000abe80000, 0x00000000e0000000)
  object space 195072K, 66% used [0x00000000a0000000,0x00000000a7e93b10,0x00000000abe80000)
 Metaspace       used 148824K, capacity 156164K, committed 156416K, reserved 1187840K
  class space    used 17712K, capacity 18913K, committed 18944K, reserved 1048576K
}
Event: 15357.459 GC heap before
{Heap before GC invocations=61 (full 6):
 PSYoungGen      total 454656K, used 437953K [0x00000000e0000000, 0x0000000100000000, 0x0000000100000000)
  eden space 397312K, 99% used [0x00000000e0000000,0x00000000f83ffe88,0x00000000f8400000)
  from space 57344K, 70% used [0x00000000fc800000,0x00000000fefb0938,0x0000000100000000)
  to   space 63488K, 0% used [0x00000000f8400000,0x00000000f8400000,0x00000000fc200000)
 ParOldGen       total 195072K, used 129614K [0x00000000a0000000, 0x00000000abe80000, 0x00000000e0000000)
  object space 195072K, 66% used [0x00000000a0000000,0x00000000a7e93b10,0x00000000abe80000)
 Metaspace       used 149807K, capacity 157156K, committed 157312K, reserved 1187840K
  class space    used 17807K, capacity 19009K, committed 19072K, reserved 1048576K
Event: 15357.521 GC heap after
Heap after GC invocations=61 (full 6):
 PSYoungGen      total 460800K, used 15729K [0x00000000e0000000, 0x0000000100000000, 0x0000000100000000)
  eden space 397312K, 0% used [0x00000000e0000000,0x00000000e0000000,0x00000000f8400000)
  from space 63488K, 24% used [0x00000000f8400000,0x00000000f935c700,0x00000000fc200000)
  to   space 62464K, 0% used [0x00000000fc300000,0x00000000fc300000,0x0000000100000000)
 ParOldGen       total 195072K, used 131128K [0x00000000a0000000, 0x00000000abe80000, 0x00000000e0000000)
  object space 195072K, 67% used [0x00000000a0000000,0x00000000a800e150,0x00000000abe80000)
 Metaspace       used 149807K, capacity 157156K, committed 157312K, reserved 1187840K
  class space    used 17807K, capacity 19009K, committed 19072K, reserved 1048576K
}
Event: 15567.230 GC heap before
{Heap before GC invocations=62 (full 6):
 PSYoungGen      total 460800K, used 413041K [0x00000000e0000000, 0x0000000100000000, 0x0000000100000000)
  eden space 397312K, 100% used [0x00000000e0000000,0x00000000f8400000,0x00000000f8400000)
  from space 63488K, 24% used [0x00000000f8400000,0x00000000f935c700,0x00000000fc200000)
  to   space 62464K, 0% used [0x00000000fc300000,0x00000000fc300000,0x0000000100000000)
 ParOldGen       total 195072K, used 131128K [0x00000000a0000000, 0x00000000abe80000, 0x00000000e0000000)
  object space 195072K, 67% used [0x00000000a0000000,0x00000000a800e150,0x00000000abe80000)
 Metaspace       used 155541K, capacity 163016K, committed 163072K, reserved 1191936K
  class space    used 18440K, capacity 19665K, committed 19712K, reserved 1048576K
Event: 15567.828 GC heap after
Heap after GC invocations=62 (full 6):
 PSYoungGen      total 436224K, used 62462K [0x00000000e0000000, 0x0000000100000000, 0x0000000100000000)
  eden space 373760K, 0% used [0x00000000e0000000,0x00000000e0000000,0x00000000f6d00000)
  from space 62464K, 99% used [0x00000000fc300000,0x00000000fffffab8,0x0000000100000000)
  to   space 75264K, 0% used [0x00000000f6d00000,0x00000000f6d00000,0x00000000fb680000)
 ParOldGen       total 195072K, used 140106K [0x00000000a0000000, 0x00000000abe80000, 0x00000000e0000000)
  object space 195072K, 71% used [0x00000000a0000000,0x00000000a88d29d8,0x00000000abe80000)
 Metaspace       used 155541K, capacity 163016K, committed 163072K, reserved 1191936K
  class space    used 18440K, capacity 19665K, committed 19712K, reserved 1048576K
}
Event: 15799.834 GC heap before
{Heap before GC invocations=63 (full 6):
 PSYoungGen      total 436224K, used 436222K [0x00000000e0000000, 0x0000000100000000, 0x0000000100000000)
  eden space 373760K, 100% used [0x00000000e0000000,0x00000000f6d00000,0x00000000f6d00000)
  from space 62464K, 99% used [0x00000000fc300000,0x00000000fffffab8,0x0000000100000000)
  to   space 75264K, 0% used [0x00000000f6d00000,0x00000000f6d00000,0x00000000fb680000)
 ParOldGen       total 195072K, used 140106K [0x00000000a0000000, 0x00000000abe80000, 0x00000000e0000000)
  object space 195072K, 71% used [0x00000000a0000000,0x00000000a88d29d8,0x00000000abe80000)
 Metaspace       used 155573K, capacity 163034K, committed 163328K, reserved 1193984K
  class space    used 18443K, capacity 19668K, committed 19712K, reserved 1048576K
Event: 15799.995 GC heap after
Heap after GC invocations=63 (full 6):
 PSYoungGen      total 449024K, used 5538K [0x00000000e0000000, 0x0000000100000000, 0x0000000100000000)
  eden space 373760K, 0% used [0x00000000e0000000,0x00000000e0000000,0x00000000f6d00000)
  from space 75264K, 7% used [0x00000000f6d00000,0x00000000f7268920,0x00000000fb680000)
  to   space 75264K, 0% used [0x00000000fb680000,0x00000000fb680000,0x0000000100000000)
 ParOldGen       total 195072K, used 141799K [0x00000000a0000000, 0x00000000abe80000, 0x00000000e0000000)
  object space 195072K, 72% used [0x00000000a0000000,0x00000000a8a79cb0,0x00000000abe80000)
 Metaspace       used 155573K, capacity 163034K, committed 163328K, reserved 1193984K
  class space    used 18443K, capacity 19668K, committed 19712K, reserved 1048576K
}

