# JRE version: OpenJDK Runtime Environment (8.0_112-b06) (build 1.8.0_112-release-b06)
# Java VM: OpenJDK 64-Bit Server VM (25.112-b06 mixed mode windows-amd64 compressed oops)
Heap:
 PSYoungGen      total 446976K, used 223211K [0x00000000e0000000, 0x0000000100000000, 0x0000000100000000)
  eden space 379392K, 57% used [0x00000000e0000000,0x00000000ed41a868,0x00000000f7280000)
  from space 67584K, 8% used [0x00000000f7280000,0x00000000f78604a8,0x00000000fb480000)
  to   space 67072K, 0% used [0x00000000fbe80000,0x00000000fbe80000,0x0000000100000000)
 ParOldGen       total 149504K, used 88913K [0x00000000a0000000, 0x00000000a9200000, 0x00000000e0000000)
  object space 149504K, 59% used [0x00000000a0000000,0x00000000a56d44e0,0x00000000a9200000)
 Metaspace       used 118927K, capacity 126652K, committed 131928K, reserved 1163264K
  class space    used 14264K, capacity 15192K, committed 17792K, reserved 1048576K
GC Heap History (10 events):
Event: 17041.109 GC heap before
{Heap before GC invocations=104 (full 11):
 PSYoungGen      total 446976K, used 407162K [0x00000000e0000000, 0x0000000100000000, 0x0000000100000000)
  eden space 375808K, 100% used [0x00000000e0000000,0x00000000f6f00000,0x00000000f6f00000)
  from space 71168K, 44% used [0x00000000fba80000,0x00000000fd91ea98,0x0000000100000000)
  to   space 74240K, 0% used [0x00000000f6f00000,0x00000000f6f00000,0x00000000fb780000)
 ParOldGen       total 149504K, used 68541K [0x00000000a0000000, 0x00000000a9200000, 0x00000000e0000000)
  object space 149504K, 45% used [0x00000000a0000000,0x00000000a42ef770,0x00000000a9200000)
 Metaspace       used 106756K, capacity 114276K, committed 131672K, reserved 1163264K
  class space    used 12959K, capacity 13840K, committed 17792K, reserved 1048576K
Event: 17041.508 GC heap after
Heap after GC invocations=104 (full 11):
 PSYoungGen      total 450048K, used 41009K [0x00000000e0000000, 0x0000000100000000, 0x0000000100000000)
  eden space 375808K, 0% used [0x00000000e0000000,0x00000000e0000000,0x00000000f6f00000)
  from space 74240K, 55% used [0x00000000f6f00000,0x00000000f970c7a8,0x00000000fb780000)
  to   space 74240K, 0% used [0x00000000fb780000,0x00000000fb780000,0x0000000100000000)
 ParOldGen       total 149504K, used 70345K [0x00000000a0000000, 0x00000000a9200000, 0x00000000e0000000)
  object space 149504K, 47% used [0x00000000a0000000,0x00000000a44b2780,0x00000000a9200000)
 Metaspace       used 106756K, capacity 114276K, committed 131672K, reserved 1163264K
  class space    used 12959K, capacity 13840K, committed 17792K, reserved 1048576K
}
Event: 17058.638 GC heap before
{Heap before GC invocations=105 (full 11):
 PSYoungGen      total 450048K, used 416817K [0x00000000e0000000, 0x0000000100000000, 0x0000000100000000)
  eden space 375808K, 100% used [0x00000000e0000000,0x00000000f6f00000,0x00000000f6f00000)
  from space 74240K, 55% used [0x00000000f6f00000,0x00000000f970c7a8,0x00000000fb780000)
  to   space 74240K, 0% used [0x00000000fb780000,0x00000000fb780000,0x0000000100000000)
 ParOldGen       total 149504K, used 70345K [0x00000000a0000000, 0x00000000a9200000, 0x00000000e0000000)
  object space 149504K, 47% used [0x00000000a0000000,0x00000000a44b2780,0x00000000a9200000)
 Metaspace       used 107444K, capacity 114980K, committed 131672K, reserved 1163264K
  class space    used 13016K, capacity 13904K, committed 17792K, reserved 1048576K
Event: 17058.704 GC heap after
Heap after GC invocations=105 (full 11):
 PSYoungGen      total 448000K, used 10917K [0x00000000e0000000, 0x00000000ffe00000, 0x0000000100000000)
  eden space 375808K, 0% used [0x00000000e0000000,0x00000000e0000000,0x00000000f6f00000)
  from space 72192K, 15% used [0x00000000fb780000,0x00000000fc229728,0x00000000ffe00000)
  to   space 73216K, 0% used [0x00000000f6f00000,0x00000000f6f00000,0x00000000fb680000)
 ParOldGen       total 149504K, used 78521K [0x00000000a0000000, 0x00000000a9200000, 0x00000000e0000000)
  object space 149504K, 52% used [0x00000000a0000000,0x00000000a4cae428,0x00000000a9200000)
 Metaspace       used 107444K, capacity 114980K, committed 131672K, reserved 1163264K
  class space    used 13016K, capacity 13904K, committed 17792K, reserved 1048576K
}
Event: 17974.960 GC heap before
{Heap before GC invocations=106 (full 11):
 PSYoungGen      total 448000K, used 386725K [0x00000000e0000000, 0x00000000ffe00000, 0x0000000100000000)
  eden space 375808K, 100% used [0x00000000e0000000,0x00000000f6f00000,0x00000000f6f00000)
  from space 72192K, 15% used [0x00000000fb780000,0x00000000fc229728,0x00000000ffe00000)
  to   space 73216K, 0% used [0x00000000f6f00000,0x00000000f6f00000,0x00000000fb680000)
 ParOldGen       total 149504K, used 78521K [0x00000000a0000000, 0x00000000a9200000, 0x00000000e0000000)
  object space 149504K, 52% used [0x00000000a0000000,0x00000000a4cae428,0x00000000a9200000)
 Metaspace       used 107616K, capacity 115244K, committed 131672K, reserved 1163264K
  class space    used 13028K, capacity 13920K, committed 17792K, reserved 1048576K
Event: 17975.136 GC heap after
Heap after GC invocations=106 (full 11):
 PSYoungGen      total 449024K, used 12720K [0x00000000e0000000, 0x00000000ffe00000, 0x0000000100000000)
  eden space 375808K, 0% used [0x00000000e0000000,0x00000000e0000000,0x00000000f6f00000)
  from space 73216K, 17% used [0x00000000f6f00000,0x00000000f7b6c3d8,0x00000000fb680000)
  to   space 71680K, 0% used [0x00000000fb800000,0x00000000fb800000,0x00000000ffe00000)
 ParOldGen       total 149504K, used 80449K [0x00000000a0000000, 0x00000000a9200000, 0x00000000e0000000)
  object space 149504K, 53% used [0x00000000a0000000,0x00000000a4e90630,0x00000000a9200000)
 Metaspace       used 107616K, capacity 115244K, committed 131672K, reserved 1163264K
  class space    used 13028K, capacity 13920K, committed 17792K, reserved 1048576K
}
Event: 17996.319 GC heap before
{Heap before GC invocations=107 (full 11):
 PSYoungGen      total 449024K, used 388528K [0x00000000e0000000, 0x00000000ffe00000, 0x0000000100000000)
  eden space 375808K, 100% used [0x00000000e0000000,0x00000000f6f00000,0x00000000f6f00000)
  from space 73216K, 17% used [0x00000000f6f00000,0x00000000f7b6c3d8,0x00000000fb680000)
  to   space 71680K, 0% used [0x00000000fb800000,0x00000000fb800000,0x00000000ffe00000)
 ParOldGen       total 149504K, used 80449K [0x00000000a0000000, 0x00000000a9200000, 0x00000000e0000000)
  object space 149504K, 53% used [0x00000000a0000000,0x00000000a4e90630,0x00000000a9200000)
 Metaspace       used 113366K, capacity 121016K, committed 131672K, reserved 1163264K
  class space    used 13655K, capacity 14568K, committed 17792K, reserved 1048576K
Event: 17996.917 GC heap after
Heap after GC invocations=107 (full 11):
 PSYoungGen      total 443392K, used 24064K [0x00000000e0000000, 0x00000000ff680000, 0x0000000100000000)
  eden space 379392K, 0% used [0x00000000e0000000,0x00000000e0000000,0x00000000f7280000)
  from space 64000K, 37% used [0x00000000fb800000,0x00000000fcf80328,0x00000000ff680000)
  to   space 67584K, 0% used [0x00000000f7280000,0x00000000f7280000,0x00000000fb480000)
 ParOldGen       total 149504K, used 87473K [0x00000000a0000000, 0x00000000a9200000, 0x00000000e0000000)
  object space 149504K, 58% used [0x00000000a0000000,0x00000000a556c4a8,0x00000000a9200000)
 Metaspace       used 113366K, capacity 121016K, committed 131672K, reserved 1163264K
  class space    used 13655K, capacity 14568K, committed 17792K, reserved 1048576K
}
Event: 18201.353 GC heap before
{Heap before GC invocations=108 (full 11):
 PSYoungGen      total 443392K, used 403456K [0x00000000e0000000, 0x00000000ff680000, 0x0000000100000000)
  eden space 379392K, 100% used [0x00000000e0000000,0x00000000f7280000,0x00000000f7280000)
  from space 64000K, 37% used [0x00000000fb800000,0x00000000fcf80328,0x00000000ff680000)
  to   space 67584K, 0% used [0x00000000f7280000,0x00000000f7280000,0x00000000fb480000)
 ParOldGen       total 149504K, used 87473K [0x00000000a0000000, 0x00000000a9200000, 0x00000000e0000000)
  object space 149504K, 58% used [0x00000000a0000000,0x00000000a556c4a8,0x00000000a9200000)
 Metaspace       used 113448K, capacity 121168K, committed 131928K, reserved 1163264K
  class space    used 13663K, capacity 14576K, committed 17792K, reserved 1048576K
Event: 18201.459 GC heap after
Heap after GC invocations=108 (full 11):
 PSYoungGen      total 446976K, used 6017K [0x00000000e0000000, 0x0000000100000000, 0x0000000100000000)
  eden space 379392K, 0% used [0x00000000e0000000,0x00000000e0000000,0x00000000f7280000)
  from space 67584K, 8% used [0x00000000f7280000,0x00000000f78604a8,0x00000000fb480000)
  to   space 67072K, 0% used [0x00000000fbe80000,0x00000000fbe80000,0x0000000100000000)
 ParOldGen       total 149504K, used 88913K [0x00000000a0000000, 0x00000000a9200000, 0x00000000e0000000)
  object space 149504K, 59% used [0x00000000a0000000,0x00000000a56d44e0,0x00000000a9200000)
 Metaspace       used 113448K, capacity 121168K, committed 131928K, reserved 1163264K
  class space    used 13663K, capacity 14576K, committed 17792K, reserved 1048576K
}

